<?xml version="1.0" encoding="UTF-8"?>
<testsuite xmlns:xsi="http://www.w3.org/2001/XMLSchema-instance" xsi:noNamespaceSchemaLocation="https://maven.apache.org/surefire/maven-surefire-plugin/xsd/surefire-test-report-3.0.xsd" version="3.0" name="no.hvl.dat110.unit.tests.TestFilePeers" time="27.437" tests="1" errors="0" skipped="0" failures="0">
  <properties>
    <property name="java.specification.version" value="21"/>
    <property name="sun.cpu.isalist" value="amd64"/>
    <property name="sun.jnu.encoding" value="Cp1252"/>
    <property name="java.class.path" value="C:\Users\prebe\OneDrive\HVL2\DAT110\project3\dat110-project3\target\test-classes;C:\Users\prebe\OneDrive\HVL2\DAT110\project3\dat110-project3\target\classes;C:\Users\prebe\.m2\repository\org\apache\logging\log4j\log4j-core\2.20.0\log4j-core-2.20.0.jar;C:\Users\prebe\.m2\repository\org\apache\logging\log4j\log4j-api\2.20.0\log4j-api-2.20.0.jar;C:\Users\prebe\.m2\repository\org\junit\jupiter\junit-jupiter-api\5.9.2\junit-jupiter-api-5.9.2.jar;C:\Users\prebe\.m2\repository\org\opentest4j\opentest4j\1.2.0\opentest4j-1.2.0.jar;C:\Users\prebe\.m2\repository\org\junit\platform\junit-platform-commons\1.9.2\junit-platform-commons-1.9.2.jar;C:\Users\prebe\.m2\repository\org\apiguardian\apiguardian-api\1.1.2\apiguardian-api-1.1.2.jar;"/>
    <property name="java.vm.vendor" value="Oracle Corporation"/>
    <property name="sun.arch.data.model" value="64"/>
    <property name="user.variant" value=""/>
    <property name="java.vendor.url" value="https://java.oracle.com/"/>
    <property name="user.timezone" value="Europe/Oslo"/>
    <property name="user.country.format" value="NO"/>
    <property name="os.name" value="Windows 11"/>
    <property name="java.vm.specification.version" value="21"/>
    <property name="sun.java.launcher" value="SUN_STANDARD"/>
    <property name="user.country" value="US"/>
    <property name="sun.boot.library.path" value="C:\Program Files\Java\jdk-21\bin"/>
    <property name="sun.java.command" value="C:\Users\prebe\AppData\Local\Temp\surefire8137250384194169325\surefirebooter-20240414213350754_3.jar C:\Users\prebe\AppData\Local\Temp\surefire8137250384194169325 2024-04-14T21-33-50_039-jvmRun1 surefire-20240414213350754_1tmp surefire_0-20240414213350754_2tmp"/>
    <property name="jdk.debug" value="release"/>
    <property name="surefire.test.class.path" value="C:\Users\prebe\OneDrive\HVL2\DAT110\project3\dat110-project3\target\test-classes;C:\Users\prebe\OneDrive\HVL2\DAT110\project3\dat110-project3\target\classes;C:\Users\prebe\.m2\repository\org\apache\logging\log4j\log4j-core\2.20.0\log4j-core-2.20.0.jar;C:\Users\prebe\.m2\repository\org\apache\logging\log4j\log4j-api\2.20.0\log4j-api-2.20.0.jar;C:\Users\prebe\.m2\repository\org\junit\jupiter\junit-jupiter-api\5.9.2\junit-jupiter-api-5.9.2.jar;C:\Users\prebe\.m2\repository\org\opentest4j\opentest4j\1.2.0\opentest4j-1.2.0.jar;C:\Users\prebe\.m2\repository\org\junit\platform\junit-platform-commons\1.9.2\junit-platform-commons-1.9.2.jar;C:\Users\prebe\.m2\repository\org\apiguardian\apiguardian-api\1.1.2\apiguardian-api-1.1.2.jar;"/>
    <property name="sun.cpu.endian" value="little"/>
    <property name="user.home" value="C:\Users\prebe"/>
    <property name="user.language" value="en"/>
    <property name="java.specification.vendor" value="Oracle Corporation"/>
    <property name="java.version.date" value="2023-10-17"/>
    <property name="java.home" value="C:\Program Files\Java\jdk-21"/>
    <property name="file.separator" value="\"/>
    <property name="basedir" value="C:\Users\prebe\OneDrive\HVL2\DAT110\project3\dat110-project3"/>
    <property name="java.vm.compressedOopsMode" value="Zero based"/>
    <property name="line.separator" value="&#10;"/>
    <property name="java.vm.specification.vendor" value="Oracle Corporation"/>
    <property name="java.specification.name" value="Java Platform API Specification"/>
    <property name="surefire.real.class.path" value="C:\Users\prebe\AppData\Local\Temp\surefire8137250384194169325\surefirebooter-20240414213350754_3.jar"/>
    <property name="user.script" value=""/>
    <property name="sun.management.compiler" value="HotSpot 64-Bit Tiered Compilers"/>
    <property name="java.runtime.version" value="21.0.1+12-LTS-29"/>
    <property name="user.name" value="prebe"/>
    <property name="stdout.encoding" value="Cp1252"/>
    <property name="path.separator" value=";"/>
    <property name="os.version" value="10.0"/>
    <property name="java.runtime.name" value="Java(TM) SE Runtime Environment"/>
    <property name="file.encoding" value="UTF-8"/>
    <property name="java.vm.name" value="Java HotSpot(TM) 64-Bit Server VM"/>
    <property name="localRepository" value="C:\Users\prebe\.m2\repository"/>
    <property name="java.vendor.url.bug" value="https://bugreport.java.com/bugreport/"/>
    <property name="java.io.tmpdir" value="C:\Users\prebe\AppData\Local\Temp\"/>
    <property name="java.version" value="21.0.1"/>
    <property name="user.dir" value="C:\Users\prebe\OneDrive\HVL2\DAT110\project3\dat110-project3"/>
    <property name="os.arch" value="amd64"/>
    <property name="java.vm.specification.name" value="Java Virtual Machine Specification"/>
    <property name="user.language.format" value="no"/>
    <property name="sun.os.patch.level" value=""/>
    <property name="native.encoding" value="Cp1252"/>
    <property name="java.library.path" value="C:\Program Files\Java\jdk-21\bin;C:\WINDOWS\Sun\Java\bin;C:\WINDOWS\system32;C:\WINDOWS;C:\Program Files\Microsoft SDKs\Azure\CLI2\wbin;C:\Program Files\Common Files\Oracle\Java\javapath;C:\WINDOWS\system32;C:\WINDOWS;C:\WINDOWS\System32\Wbem;C:\WINDOWS\System32\WindowsPowerShell\v1.0\;C:\WINDOWS\System32\OpenSSH\;C:\Program Files\Java\jdk-21\bin;C:\Program Files\nodejs\;C:\Program Files\Git\cmd;C:\Program Files\dotnet\;C:\Program Files\swigwin-4.2.0;C:\Program Files\Microsoft\Azure Functions Core Tools\;C:\DevTools\apache-maven-3.9.6-bin\apache-maven-3.9.6\bin;C:\Program Files (x86)\Microsoft Visual Studio\2022\BuildTools\VC\Tools\MSVC\14.38.33130\bin\Hostx64\x64;;C:\Program Files\Docker\Docker\resources\bin;C:\Users\prebe\scoop\shims;C:\Users\prebe\.console-ninja\.bin;C:\Users\prebe\anaconda3;C:\Users\prebe\anaconda3\Library\mingw-w64\bin;C:\Users\prebe\anaconda3\Library\usr\bin;C:\Users\prebe\anaconda3\Library\bin;C:\Users\prebe\anaconda3\Scripts;C:\Users\prebe\AppData\Local\Programs\Python\Python310\Scripts\;C:\Users\prebe\AppData\Local\Programs\Python\Python310\;C:\Users\prebe\AppData\Local\Programs\Python\Python312\Scripts\;C:\Users\prebe\AppData\Local\Programs\Python\Python312\;C:\Users\prebe\AppData\Local\Programs\Python\Launcher\;C:\Users\prebe\AppData\Local\Microsoft\WindowsApps;C:\Users\prebe\AppData\Local\Programs\Microsoft VS Code\bin;C:\Users\prebe\AppData\Local\JetBrains\IntelliJ IDEA 2023.3.2\bin;;C:\Users\prebe\AppData\Roaming\npm;C:\Users\prebe\.dotnet\tools;c:\users\prebe\appdata\roaming\python\python312\scripts;c:\users\prebe\.local\bin;."/>
    <property name="java.vm.info" value="mixed mode, sharing"/>
    <property name="stderr.encoding" value="Cp1252"/>
    <property name="java.vendor" value="Oracle Corporation"/>
    <property name="java.vm.version" value="21.0.1+12-LTS-29"/>
    <property name="sun.io.unicode.encoding" value="UnicodeLittle"/>
    <property name="java.class.version" value="65.0"/>
  </properties>
  <testcase name="test" classname="no.hvl.dat110.unit.tests.TestFilePeers" time="0.021">
    <system-out><![CDATA[2024-04-14 21:33:53 INFO  NodeServer:50 - process1 server is running... 
process1:9091
2024-04-14 21:33:53 INFO  ChordProtocols:109 - New ring created. Node = process1 | Successor = process1 | Predecessor = null
2024-04-14 21:33:55 INFO  NodeServer:50 - process2 server is running... 
process1:9091
2024-04-14 21:33:55 INFO  ChordProtocols:69 - JoinRing-randomNode = process1
2024-04-14 21:33:55 INFO  ChordProtocols:159 - Fixing the FingerTable for the Node: process2
2024-04-14 21:33:55 INFO  ChordLookup:86 - copy file keys that are <= process2 from successor process1 to process2
2024-04-14 21:33:55 INFO  ChordLookup:103 - Finished copying file keys from successor process1 to process2
2024-04-14 21:33:55 INFO  ChordProtocols:87 - process2 is between null | process1
2024-04-14 21:33:57 INFO  NodeServer:50 - process3 server is running... 
process1:9091
2024-04-14 21:33:57 INFO  ChordProtocols:69 - JoinRing-randomNode = process1
2024-04-14 21:33:57 INFO  ChordProtocols:159 - Fixing the FingerTable for the Node: process3
2024-04-14 21:33:58 INFO  ChordLookup:86 - copy file keys that are <= process3 from successor process1 to process3
2024-04-14 21:33:58 INFO  ChordLookup:103 - Finished copying file keys from successor process1 to process3
2024-04-14 21:33:58 INFO  ChordProtocols:87 - process3 is between null | process1
2024-04-14 21:33:58 INFO  StabilizationProtocols:130 - Updating the successor for Node: process1
2024-04-14 21:33:58 INFO  StabilizationProtocols:165 - Finished updating the successor for Node: process1
2024-04-14 21:33:58 INFO  StabilizationProtocols:84 - Stabilizing ring from process1...
2024-04-14 21:33:58 INFO  StabilizationProtocols:91 - Stabilize ring: succnode = process1
2024-04-14 21:33:58 INFO  StabilizationProtocols:113 - Finished stabilizing chordring from process1
2024-04-14 21:33:58 INFO  ChordProtocols:159 - Fixing the FingerTable for the Node: process1
2024-04-14 21:33:58 INFO  StabilizationProtocols:60 - Checking the predecessor for Node: process1
==================================
Node Identifier = 53937554629190552131995290006614509577
Node IP address = process1
successor(process1) = process2
predecessor(process1) = process2
Current File keys for process1 => []
==================================
2024-04-14 21:34:00 INFO  NodeServer:50 - process4 server is running... 
process1:9091
2024-04-14 21:34:00 INFO  ChordProtocols:69 - JoinRing-randomNode = process1
2024-04-14 21:34:00 INFO  ChordProtocols:159 - Fixing the FingerTable for the Node: process4
2024-04-14 21:34:00 INFO  ChordLookup:86 - copy file keys that are <= process4 from successor process2 to process4
2024-04-14 21:34:00 INFO  ChordLookup:103 - Finished copying file keys from successor process2 to process4
2024-04-14 21:34:00 INFO  ChordProtocols:87 - process4 is between null | process2
2024-04-14 21:34:00 INFO  StabilizationProtocols:130 - Updating the successor for Node: process1
2024-04-14 21:34:00 INFO  StabilizationProtocols:165 - Finished updating the successor for Node: process1
2024-04-14 21:34:00 INFO  StabilizationProtocols:84 - Stabilizing ring from process1...
2024-04-14 21:34:00 INFO  StabilizationProtocols:91 - Stabilize ring: succnode = process4
2024-04-14 21:34:00 INFO  StabilizationProtocols:113 - Finished stabilizing chordring from process1
2024-04-14 21:34:00 INFO  ChordProtocols:159 - Fixing the FingerTable for the Node: process1
2024-04-14 21:34:00 INFO  StabilizationProtocols:60 - Checking the predecessor for Node: process1
==================================
Node Identifier = 53937554629190552131995290006614509577
Node IP address = process1
successor(process1) = process4
predecessor(process1) = process2
Current File keys for process1 => []
==================================
2024-04-14 21:34:00 INFO  StabilizationProtocols:130 - Updating the successor for Node: process2
2024-04-14 21:34:00 INFO  StabilizationProtocols:84 - Stabilizing ring from process2...
2024-04-14 21:34:00 INFO  StabilizationProtocols:91 - Stabilize ring: succnode = process1
2024-04-14 21:34:00 INFO  StabilizationProtocols:113 - Finished stabilizing chordring from process2
2024-04-14 21:34:00 INFO  ChordProtocols:159 - Fixing the FingerTable for the Node: process2
2024-04-14 21:34:00 INFO  StabilizationProtocols:60 - Checking the predecessor for Node: process2
==================================
Node Identifier = 15618062003214643351512781541041391612
Node IP address = process2
successor(process2) = process1
predecessor(process2) = process4
Current File keys for process2 => []
==================================
2024-04-14 21:34:02 INFO  NodeServer:50 - process5 server is running... 
process1:9091
2024-04-14 21:34:02 INFO  ChordProtocols:69 - JoinRing-randomNode = process1
2024-04-14 21:34:02 INFO  ChordProtocols:159 - Fixing the FingerTable for the Node: process5
2024-04-14 21:34:02 INFO  ChordLookup:86 - copy file keys that are <= process5 from successor process4 to process5
2024-04-14 21:34:02 INFO  ChordLookup:103 - Finished copying file keys from successor process4 to process5
2024-04-14 21:34:02 INFO  ChordProtocols:87 - process5 is between null | process4
2024-04-14 21:34:02 INFO  StabilizationProtocols:130 - Updating the successor for Node: process1
2024-04-14 21:34:02 INFO  StabilizationProtocols:165 - Finished updating the successor for Node: process1
2024-04-14 21:34:02 INFO  StabilizationProtocols:84 - Stabilizing ring from process1...
2024-04-14 21:34:02 INFO  StabilizationProtocols:91 - Stabilize ring: succnode = process5
2024-04-14 21:34:02 INFO  StabilizationProtocols:113 - Finished stabilizing chordring from process1
2024-04-14 21:34:02 INFO  ChordProtocols:159 - Fixing the FingerTable for the Node: process1
2024-04-14 21:34:02 INFO  StabilizationProtocols:60 - Checking the predecessor for Node: process1
==================================
Node Identifier = 53937554629190552131995290006614509577
Node IP address = process1
successor(process1) = process5
predecessor(process1) = process2
Current File keys for process1 => []
==================================
2024-04-14 21:34:02 INFO  StabilizationProtocols:130 - Updating the successor for Node: process2
2024-04-14 21:34:02 INFO  StabilizationProtocols:84 - Stabilizing ring from process2...
2024-04-14 21:34:02 INFO  StabilizationProtocols:91 - Stabilize ring: succnode = process1
2024-04-14 21:34:02 INFO  StabilizationProtocols:113 - Finished stabilizing chordring from process2
2024-04-14 21:34:02 INFO  ChordProtocols:159 - Fixing the FingerTable for the Node: process2
2024-04-14 21:34:02 INFO  StabilizationProtocols:60 - Checking the predecessor for Node: process2
==================================
Node Identifier = 15618062003214643351512781541041391612
Node IP address = process2
successor(process2) = process1
predecessor(process2) = process4
Current File keys for process2 => []
==================================
2024-04-14 21:34:03 INFO  StabilizationProtocols:130 - Updating the successor for Node: process3
2024-04-14 21:34:03 INFO  StabilizationProtocols:165 - Finished updating the successor for Node: process3
2024-04-14 21:34:03 INFO  StabilizationProtocols:84 - Stabilizing ring from process3...
2024-04-14 21:34:03 INFO  StabilizationProtocols:91 - Stabilize ring: succnode = process2
2024-04-14 21:34:03 INFO  ChordLookup:86 - copy file keys that are <= process3 from successor process2 to process3
2024-04-14 21:34:03 INFO  ChordLookup:103 - Finished copying file keys from successor process2 to process3
2024-04-14 21:34:03 INFO  StabilizationProtocols:113 - Finished stabilizing chordring from process3
2024-04-14 21:34:03 INFO  ChordProtocols:159 - Fixing the FingerTable for the Node: process3
2024-04-14 21:34:03 INFO  StabilizationProtocols:60 - Checking the predecessor for Node: process3
==================================
Node Identifier = 66910184482037901621933403444034052414
Node IP address = process3
successor(process3) = process4
predecessor(process3) = process3
Current File keys for process3 => []
==================================
2024-04-14 21:34:04 INFO  StabilizationProtocols:130 - Updating the successor for Node: process1
2024-04-14 21:34:04 INFO  StabilizationProtocols:165 - Finished updating the successor for Node: process1
2024-04-14 21:34:04 INFO  StabilizationProtocols:84 - Stabilizing ring from process1...
2024-04-14 21:34:04 INFO  StabilizationProtocols:91 - Stabilize ring: succnode = process5
2024-04-14 21:34:04 INFO  StabilizationProtocols:113 - Finished stabilizing chordring from process1
2024-04-14 21:34:04 INFO  ChordProtocols:159 - Fixing the FingerTable for the Node: process1
2024-04-14 21:34:04 INFO  StabilizationProtocols:60 - Checking the predecessor for Node: process1
==================================
Node Identifier = 53937554629190552131995290006614509577
Node IP address = process1
successor(process1) = process5
predecessor(process1) = process2
Current File keys for process1 => []
==================================
2024-04-14 21:34:04 INFO  StabilizationProtocols:130 - Updating the successor for Node: process2
2024-04-14 21:34:04 INFO  StabilizationProtocols:84 - Stabilizing ring from process2...
2024-04-14 21:34:04 INFO  StabilizationProtocols:91 - Stabilize ring: succnode = process1
2024-04-14 21:34:04 INFO  StabilizationProtocols:113 - Finished stabilizing chordring from process2
2024-04-14 21:34:04 INFO  ChordProtocols:159 - Fixing the FingerTable for the Node: process2
2024-04-14 21:34:04 INFO  StabilizationProtocols:60 - Checking the predecessor for Node: process2
==================================
Node Identifier = 15618062003214643351512781541041391612
Node IP address = process2
successor(process2) = process1
predecessor(process2) = process4
Current File keys for process2 => []
==================================
2024-04-14 21:34:05 INFO  StabilizationProtocols:130 - Updating the successor for Node: process3
2024-04-14 21:34:05 INFO  StabilizationProtocols:165 - Finished updating the successor for Node: process3
2024-04-14 21:34:05 INFO  StabilizationProtocols:84 - Stabilizing ring from process3...
2024-04-14 21:34:05 INFO  StabilizationProtocols:91 - Stabilize ring: succnode = process5
2024-04-14 21:34:05 INFO  StabilizationProtocols:113 - Finished stabilizing chordring from process3
2024-04-14 21:34:05 INFO  ChordProtocols:159 - Fixing the FingerTable for the Node: process3
2024-04-14 21:34:05 INFO  StabilizationProtocols:60 - Checking the predecessor for Node: process3
==================================
Node Identifier = 66910184482037901621933403444034052414
Node IP address = process3
successor(process3) = process5
predecessor(process3) = process3
Current File keys for process3 => []
==================================
2024-04-14 21:34:05 INFO  StabilizationProtocols:130 - Updating the successor for Node: process4
2024-04-14 21:34:05 INFO  StabilizationProtocols:84 - Stabilizing ring from process4...
2024-04-14 21:34:05 INFO  StabilizationProtocols:91 - Stabilize ring: succnode = process2
2024-04-14 21:34:05 INFO  StabilizationProtocols:113 - Finished stabilizing chordring from process4
2024-04-14 21:34:05 INFO  ChordProtocols:159 - Fixing the FingerTable for the Node: process4
2024-04-14 21:34:05 INFO  StabilizationProtocols:60 - Checking the predecessor for Node: process4
==================================
Node Identifier = 210821560651360572675896360671414673172
Node IP address = process4
successor(process4) = process2
predecessor(process4) = process5
Current File keys for process4 => []
==================================
2024-04-14 21:34:06 INFO  StabilizationProtocols:130 - Updating the successor for Node: process1
2024-04-14 21:34:06 INFO  StabilizationProtocols:84 - Stabilizing ring from process1...
2024-04-14 21:34:06 INFO  StabilizationProtocols:91 - Stabilize ring: succnode = process5
2024-04-14 21:34:06 INFO  StabilizationProtocols:113 - Finished stabilizing chordring from process1
2024-04-14 21:34:06 INFO  ChordProtocols:159 - Fixing the FingerTable for the Node: process1
2024-04-14 21:34:06 INFO  StabilizationProtocols:60 - Checking the predecessor for Node: process1
==================================
Node Identifier = 53937554629190552131995290006614509577
Node IP address = process1
successor(process1) = process5
predecessor(process1) = process2
Current File keys for process1 => []
==================================
2024-04-14 21:34:06 INFO  StabilizationProtocols:130 - Updating the successor for Node: process2
2024-04-14 21:34:06 INFO  StabilizationProtocols:84 - Stabilizing ring from process2...
2024-04-14 21:34:06 INFO  StabilizationProtocols:91 - Stabilize ring: succnode = process1
2024-04-14 21:34:06 INFO  StabilizationProtocols:113 - Finished stabilizing chordring from process2
2024-04-14 21:34:06 INFO  ChordProtocols:159 - Fixing the FingerTable for the Node: process2
2024-04-14 21:34:06 INFO  StabilizationProtocols:60 - Checking the predecessor for Node: process2
==================================
Node Identifier = 15618062003214643351512781541041391612
Node IP address = process2
successor(process2) = process1
predecessor(process2) = process4
Current File keys for process2 => []
==================================
2024-04-14 21:34:07 INFO  StabilizationProtocols:130 - Updating the successor for Node: process3
2024-04-14 21:34:07 INFO  StabilizationProtocols:165 - Finished updating the successor for Node: process3
2024-04-14 21:34:07 INFO  StabilizationProtocols:84 - Stabilizing ring from process3...
2024-04-14 21:34:07 INFO  StabilizationProtocols:91 - Stabilize ring: succnode = process1
2024-04-14 21:34:07 INFO  ChordLookup:86 - copy file keys that are <= process3 from successor process1 to process3
2024-04-14 21:34:07 INFO  ChordLookup:103 - Finished copying file keys from successor process1 to process3
2024-04-14 21:34:07 INFO  StabilizationProtocols:113 - Finished stabilizing chordring from process3
2024-04-14 21:34:07 INFO  ChordProtocols:159 - Fixing the FingerTable for the Node: process3
2024-04-14 21:34:07 INFO  StabilizationProtocols:60 - Checking the predecessor for Node: process3
==================================
Node Identifier = 66910184482037901621933403444034052414
Node IP address = process3
successor(process3) = process2
predecessor(process3) = process3
Current File keys for process3 => []
==================================
2024-04-14 21:34:07 INFO  StabilizationProtocols:130 - Updating the successor for Node: process4
2024-04-14 21:34:07 INFO  StabilizationProtocols:84 - Stabilizing ring from process4...
2024-04-14 21:34:07 INFO  StabilizationProtocols:91 - Stabilize ring: succnode = process2
2024-04-14 21:34:07 INFO  StabilizationProtocols:113 - Finished stabilizing chordring from process4
2024-04-14 21:34:07 INFO  ChordProtocols:159 - Fixing the FingerTable for the Node: process4
2024-04-14 21:34:07 INFO  StabilizationProtocols:60 - Checking the predecessor for Node: process4
==================================
Node Identifier = 210821560651360572675896360671414673172
Node IP address = process4
successor(process4) = process2
predecessor(process4) = process5
Current File keys for process4 => []
==================================
2024-04-14 21:34:07 INFO  StabilizationProtocols:130 - Updating the successor for Node: process5
2024-04-14 21:34:07 INFO  StabilizationProtocols:84 - Stabilizing ring from process5...
2024-04-14 21:34:07 INFO  StabilizationProtocols:91 - Stabilize ring: succnode = process4
2024-04-14 21:34:07 INFO  StabilizationProtocols:113 - Finished stabilizing chordring from process5
2024-04-14 21:34:07 INFO  ChordProtocols:159 - Fixing the FingerTable for the Node: process5
2024-04-14 21:34:07 INFO  StabilizationProtocols:60 - Checking the predecessor for Node: process5
==================================
Node Identifier = 121411138451101288395601026024677976156
Node IP address = process5
successor(process5) = process4
predecessor(process5) = process1
Current File keys for process5 => []
==================================
2024-04-14 21:34:08 INFO  StabilizationProtocols:130 - Updating the successor for Node: process1
2024-04-14 21:34:08 INFO  StabilizationProtocols:84 - Stabilizing ring from process1...
2024-04-14 21:34:08 INFO  StabilizationProtocols:91 - Stabilize ring: succnode = process5
2024-04-14 21:34:08 INFO  StabilizationProtocols:113 - Finished stabilizing chordring from process1
2024-04-14 21:34:08 INFO  ChordProtocols:159 - Fixing the FingerTable for the Node: process1
2024-04-14 21:34:08 INFO  StabilizationProtocols:60 - Checking the predecessor for Node: process1
==================================
Node Identifier = 53937554629190552131995290006614509577
Node IP address = process1
successor(process1) = process5
predecessor(process1) = process2
Current File keys for process1 => []
==================================
2024-04-14 21:34:08 INFO  StabilizationProtocols:130 - Updating the successor for Node: process2
2024-04-14 21:34:08 INFO  StabilizationProtocols:84 - Stabilizing ring from process2...
2024-04-14 21:34:08 INFO  StabilizationProtocols:91 - Stabilize ring: succnode = process1
2024-04-14 21:34:08 INFO  StabilizationProtocols:113 - Finished stabilizing chordring from process2
2024-04-14 21:34:08 INFO  ChordProtocols:159 - Fixing the FingerTable for the Node: process2
2024-04-14 21:34:08 INFO  StabilizationProtocols:60 - Checking the predecessor for Node: process2
==================================
Node Identifier = 15618062003214643351512781541041391612
Node IP address = process2
successor(process2) = process1
predecessor(process2) = process4
Current File keys for process2 => []
==================================
2024-04-14 21:34:09 INFO  StabilizationProtocols:130 - Updating the successor for Node: process3
2024-04-14 21:34:09 INFO  StabilizationProtocols:165 - Finished updating the successor for Node: process3
2024-04-14 21:34:09 INFO  StabilizationProtocols:84 - Stabilizing ring from process3...
2024-04-14 21:34:09 INFO  StabilizationProtocols:91 - Stabilize ring: succnode = process4
2024-04-14 21:34:09 INFO  ChordLookup:86 - copy file keys that are <= process3 from successor process4 to process3
2024-04-14 21:34:09 INFO  ChordLookup:103 - Finished copying file keys from successor process4 to process3
2024-04-14 21:34:09 INFO  StabilizationProtocols:113 - Finished stabilizing chordring from process3
2024-04-14 21:34:09 INFO  ChordProtocols:159 - Fixing the FingerTable for the Node: process3
2024-04-14 21:34:09 INFO  StabilizationProtocols:60 - Checking the predecessor for Node: process3
==================================
Node Identifier = 66910184482037901621933403444034052414
Node IP address = process3
successor(process3) = process5
predecessor(process3) = process3
Current File keys for process3 => []
==================================
2024-04-14 21:34:09 INFO  StabilizationProtocols:130 - Updating the successor for Node: process4
2024-04-14 21:34:09 INFO  StabilizationProtocols:84 - Stabilizing ring from process4...
2024-04-14 21:34:09 INFO  StabilizationProtocols:91 - Stabilize ring: succnode = process2
2024-04-14 21:34:09 INFO  StabilizationProtocols:113 - Finished stabilizing chordring from process4
2024-04-14 21:34:09 INFO  ChordProtocols:159 - Fixing the FingerTable for the Node: process4
2024-04-14 21:34:09 INFO  StabilizationProtocols:60 - Checking the predecessor for Node: process4
==================================
Node Identifier = 210821560651360572675896360671414673172
Node IP address = process4
successor(process4) = process2
predecessor(process4) = process5
Current File keys for process4 => []
==================================
2024-04-14 21:34:09 INFO  StabilizationProtocols:130 - Updating the successor for Node: process5
2024-04-14 21:34:09 INFO  StabilizationProtocols:84 - Stabilizing ring from process5...
2024-04-14 21:34:09 INFO  StabilizationProtocols:91 - Stabilize ring: succnode = process4
2024-04-14 21:34:09 INFO  StabilizationProtocols:113 - Finished stabilizing chordring from process5
2024-04-14 21:34:09 INFO  ChordProtocols:159 - Fixing the FingerTable for the Node: process5
2024-04-14 21:34:09 INFO  StabilizationProtocols:60 - Checking the predecessor for Node: process5
==================================
Node Identifier = 121411138451101288395601026024677976156
Node IP address = process5
successor(process5) = process4
predecessor(process5) = process3
Current File keys for process5 => []
==================================
2024-04-14 21:34:10 INFO  StabilizationProtocols:130 - Updating the successor for Node: process1
2024-04-14 21:34:10 INFO  StabilizationProtocols:165 - Finished updating the successor for Node: process1
2024-04-14 21:34:10 INFO  StabilizationProtocols:84 - Stabilizing ring from process1...
2024-04-14 21:34:10 INFO  StabilizationProtocols:91 - Stabilize ring: succnode = process3
2024-04-14 21:34:10 INFO  StabilizationProtocols:113 - Finished stabilizing chordring from process1
2024-04-14 21:34:10 INFO  ChordProtocols:159 - Fixing the FingerTable for the Node: process1
2024-04-14 21:34:10 INFO  StabilizationProtocols:60 - Checking the predecessor for Node: process1
==================================
Node Identifier = 53937554629190552131995290006614509577
Node IP address = process1
successor(process1) = process3
predecessor(process1) = process2
Current File keys for process1 => []
==================================
2024-04-14 21:34:10 INFO  StabilizationProtocols:130 - Updating the successor for Node: process2
2024-04-14 21:34:10 INFO  StabilizationProtocols:84 - Stabilizing ring from process2...
2024-04-14 21:34:10 INFO  StabilizationProtocols:91 - Stabilize ring: succnode = process1
2024-04-14 21:34:10 INFO  StabilizationProtocols:113 - Finished stabilizing chordring from process2
2024-04-14 21:34:10 INFO  ChordProtocols:159 - Fixing the FingerTable for the Node: process2
2024-04-14 21:34:11 INFO  StabilizationProtocols:60 - Checking the predecessor for Node: process2
==================================
Node Identifier = 15618062003214643351512781541041391612
Node IP address = process2
successor(process2) = process1
predecessor(process2) = process4
Current File keys for process2 => []
==================================
2024-04-14 21:34:11 INFO  StabilizationProtocols:130 - Updating the successor for Node: process3
2024-04-14 21:34:11 INFO  StabilizationProtocols:84 - Stabilizing ring from process3...
2024-04-14 21:34:11 INFO  StabilizationProtocols:91 - Stabilize ring: succnode = process5
2024-04-14 21:34:11 INFO  StabilizationProtocols:113 - Finished stabilizing chordring from process3
2024-04-14 21:34:11 INFO  ChordProtocols:159 - Fixing the FingerTable for the Node: process3
2024-04-14 21:34:11 INFO  StabilizationProtocols:60 - Checking the predecessor for Node: process3
==================================
Node Identifier = 66910184482037901621933403444034052414
Node IP address = process3
successor(process3) = process5
predecessor(process3) = process3
Current File keys for process3 => []
==================================
2024-04-14 21:34:11 INFO  StabilizationProtocols:130 - Updating the successor for Node: process4
2024-04-14 21:34:11 INFO  StabilizationProtocols:84 - Stabilizing ring from process4...
2024-04-14 21:34:11 INFO  StabilizationProtocols:91 - Stabilize ring: succnode = process2
2024-04-14 21:34:11 INFO  StabilizationProtocols:113 - Finished stabilizing chordring from process4
2024-04-14 21:34:11 INFO  ChordProtocols:159 - Fixing the FingerTable for the Node: process4
2024-04-14 21:34:11 INFO  StabilizationProtocols:60 - Checking the predecessor for Node: process4
==================================
Node Identifier = 210821560651360572675896360671414673172
Node IP address = process4
successor(process4) = process2
predecessor(process4) = process5
Current File keys for process4 => []
==================================
2024-04-14 21:34:11 INFO  StabilizationProtocols:130 - Updating the successor for Node: process5
2024-04-14 21:34:11 INFO  StabilizationProtocols:84 - Stabilizing ring from process5...
2024-04-14 21:34:11 INFO  StabilizationProtocols:91 - Stabilize ring: succnode = process4
2024-04-14 21:34:11 INFO  StabilizationProtocols:113 - Finished stabilizing chordring from process5
2024-04-14 21:34:11 INFO  ChordProtocols:159 - Fixing the FingerTable for the Node: process5
2024-04-14 21:34:11 INFO  StabilizationProtocols:60 - Checking the predecessor for Node: process5
==================================
Node Identifier = 121411138451101288395601026024677976156
Node IP address = process5
successor(process5) = process4
predecessor(process5) = process3
Current File keys for process5 => []
==================================
2024-04-14 21:34:12 INFO  StabilizationProtocols:130 - Updating the successor for Node: process1
2024-04-14 21:34:12 INFO  StabilizationProtocols:165 - Finished updating the successor for Node: process1
2024-04-14 21:34:12 INFO  StabilizationProtocols:84 - Stabilizing ring from process1...
2024-04-14 21:34:12 INFO  StabilizationProtocols:91 - Stabilize ring: succnode = process3
2024-04-14 21:34:12 INFO  StabilizationProtocols:113 - Finished stabilizing chordring from process1
2024-04-14 21:34:12 INFO  ChordProtocols:159 - Fixing the FingerTable for the Node: process1
2024-04-14 21:34:12 INFO  StabilizationProtocols:60 - Checking the predecessor for Node: process1
==================================
Node Identifier = 53937554629190552131995290006614509577
Node IP address = process1
successor(process1) = process3
predecessor(process1) = process2
Current File keys for process1 => []
==================================
2024-04-14 21:34:12 INFO  StabilizationProtocols:130 - Updating the successor for Node: process2
2024-04-14 21:34:12 INFO  StabilizationProtocols:84 - Stabilizing ring from process2...
2024-04-14 21:34:12 INFO  StabilizationProtocols:91 - Stabilize ring: succnode = process1
2024-04-14 21:34:12 INFO  StabilizationProtocols:113 - Finished stabilizing chordring from process2
2024-04-14 21:34:12 INFO  ChordProtocols:159 - Fixing the FingerTable for the Node: process2
2024-04-14 21:34:12 INFO  StabilizationProtocols:60 - Checking the predecessor for Node: process2
==================================
Node Identifier = 15618062003214643351512781541041391612
Node IP address = process2
successor(process2) = process1
predecessor(process2) = process4
Current File keys for process2 => []
==================================
2024-04-14 21:34:13 INFO  StabilizationProtocols:130 - Updating the successor for Node: process3
2024-04-14 21:34:13 INFO  StabilizationProtocols:84 - Stabilizing ring from process3...
2024-04-14 21:34:13 INFO  StabilizationProtocols:91 - Stabilize ring: succnode = process5
2024-04-14 21:34:13 INFO  StabilizationProtocols:113 - Finished stabilizing chordring from process3
2024-04-14 21:34:13 INFO  ChordProtocols:159 - Fixing the FingerTable for the Node: process3
2024-04-14 21:34:13 INFO  StabilizationProtocols:60 - Checking the predecessor for Node: process3
==================================
Node Identifier = 66910184482037901621933403444034052414
Node IP address = process3
successor(process3) = process5
predecessor(process3) = process1
Current File keys for process3 => []
==================================
2024-04-14 21:34:13 INFO  StabilizationProtocols:130 - Updating the successor for Node: process4
2024-04-14 21:34:13 INFO  StabilizationProtocols:84 - Stabilizing ring from process4...
2024-04-14 21:34:13 INFO  StabilizationProtocols:91 - Stabilize ring: succnode = process2
2024-04-14 21:34:13 INFO  StabilizationProtocols:113 - Finished stabilizing chordring from process4
2024-04-14 21:34:13 INFO  ChordProtocols:159 - Fixing the FingerTable for the Node: process4
2024-04-14 21:34:13 INFO  StabilizationProtocols:60 - Checking the predecessor for Node: process4
==================================
Node Identifier = 210821560651360572675896360671414673172
Node IP address = process4
successor(process4) = process2
predecessor(process4) = process5
Current File keys for process4 => []
==================================
2024-04-14 21:34:13 INFO  StabilizationProtocols:130 - Updating the successor for Node: process5
2024-04-14 21:34:13 INFO  StabilizationProtocols:84 - Stabilizing ring from process5...
2024-04-14 21:34:13 INFO  StabilizationProtocols:91 - Stabilize ring: succnode = process4
2024-04-14 21:34:13 INFO  StabilizationProtocols:113 - Finished stabilizing chordring from process5
2024-04-14 21:34:13 INFO  ChordProtocols:159 - Fixing the FingerTable for the Node: process5
2024-04-14 21:34:13 INFO  StabilizationProtocols:60 - Checking the predecessor for Node: process5
==================================
Node Identifier = 121411138451101288395601026024677976156
Node IP address = process5
successor(process5) = process4
predecessor(process5) = process3
Current File keys for process5 => []
==================================
2024-04-14 21:34:14 INFO  FileManager:179 - filename=file1 size=0,121
2024-04-14 21:34:14 INFO  FileManager:179 - filename=file2 size=0,115
2024-04-14 21:34:14 INFO  FileManager:179 - filename=file3 size=0,115
2024-04-14 21:34:14 INFO  FileManager:179 - filename=file4 size=0,116
2024-04-14 21:34:14 INFO  FileManager:179 - filename=file5 size=0,116
2024-04-14 21:34:14 INFO  StabilizationProtocols:130 - Updating the successor for Node: process1
2024-04-14 21:34:14 INFO  StabilizationProtocols:84 - Stabilizing ring from process1...
2024-04-14 21:34:14 INFO  StabilizationProtocols:91 - Stabilize ring: succnode = process3
2024-04-14 21:34:14 INFO  StabilizationProtocols:113 - Finished stabilizing chordring from process1
2024-04-14 21:34:14 INFO  ChordProtocols:159 - Fixing the FingerTable for the Node: process1
2024-04-14 21:34:14 INFO  StabilizationProtocols:60 - Checking the predecessor for Node: process1
==================================
Node Identifier = 53937554629190552131995290006614509577
Node IP address = process1
successor(process1) = process3
predecessor(process1) = process2
Current File keys for process1 => [29249986233499374510233936914584139597, 22851974182570490653634187770374799407]
==================================
2024-04-14 21:34:14 INFO  StabilizationProtocols:130 - Updating the successor for Node: process2
2024-04-14 21:34:14 INFO  StabilizationProtocols:84 - Stabilizing ring from process2...
2024-04-14 21:34:14 INFO  StabilizationProtocols:91 - Stabilize ring: succnode = process1
2024-04-14 21:34:14 INFO  StabilizationProtocols:113 - Finished stabilizing chordring from process2
2024-04-14 21:34:14 INFO  ChordProtocols:159 - Fixing the FingerTable for the Node: process2
2024-04-14 21:34:14 INFO  StabilizationProtocols:60 - Checking the predecessor for Node: process2
==================================
Node Identifier = 15618062003214643351512781541041391612
Node IP address = process2
successor(process2) = process1
predecessor(process2) = process4
Current File keys for process2 => [13988058880685873568223126745537177142, 263856675938514540210526796966916740559, 240788495190661943955842370400050808545, 305513342937436802305366564249075562188, 8256520967608282605234844990226290265, 239639416547729385993578111985362970770, 214974501590503159329658682485012382526]
==================================
2024-04-14 21:34:15 INFO  StabilizationProtocols:130 - Updating the successor for Node: process3
2024-04-14 21:34:15 INFO  StabilizationProtocols:84 - Stabilizing ring from process3...
2024-04-14 21:34:15 INFO  StabilizationProtocols:91 - Stabilize ring: succnode = process5
2024-04-14 21:34:15 INFO  StabilizationProtocols:113 - Finished stabilizing chordring from process3
2024-04-14 21:34:15 INFO  ChordProtocols:159 - Fixing the FingerTable for the Node: process3
2024-04-14 21:34:15 INFO  StabilizationProtocols:60 - Checking the predecessor for Node: process3
==================================
Node Identifier = 66910184482037901621933403444034052414
Node IP address = process3
successor(process3) = process5
predecessor(process3) = process1
Current File keys for process3 => [66481538825926898419352978747807121875]
==================================
2024-04-14 21:34:15 INFO  StabilizationProtocols:130 - Updating the successor for Node: process4
2024-04-14 21:34:15 INFO  StabilizationProtocols:84 - Stabilizing ring from process4...
2024-04-14 21:34:15 INFO  StabilizationProtocols:91 - Stabilize ring: succnode = process2
2024-04-14 21:34:15 INFO  StabilizationProtocols:113 - Finished stabilizing chordring from process4
2024-04-14 21:34:15 INFO  ChordProtocols:159 - Fixing the FingerTable for the Node: process4
2024-04-14 21:34:15 INFO  StabilizationProtocols:60 - Checking the predecessor for Node: process4
==================================
Node Identifier = 210821560651360572675896360671414673172
Node IP address = process4
successor(process4) = process2
predecessor(process4) = process5
Current File keys for process4 => [179241403734895214076219526399432130488, 140065589670395970233963560630295105848, 127615430233524719490345743798572761786, 191558309544647931649133602766041063646, 136541484142652779330200457892076216958, 149037318589456997023767356092491379363]
==================================
2024-04-14 21:34:15 INFO  StabilizationProtocols:130 - Updating the successor for Node: process5
2024-04-14 21:34:15 INFO  StabilizationProtocols:84 - Stabilizing ring from process5...
2024-04-14 21:34:15 INFO  StabilizationProtocols:91 - Stabilize ring: succnode = process4
2024-04-14 21:34:15 INFO  StabilizationProtocols:113 - Finished stabilizing chordring from process5
2024-04-14 21:34:15 INFO  ChordProtocols:159 - Fixing the FingerTable for the Node: process5
2024-04-14 21:34:15 INFO  StabilizationProtocols:60 - Checking the predecessor for Node: process5
==================================
Node Identifier = 121411138451101288395601026024677976156
Node IP address = process5
successor(process5) = process4
predecessor(process5) = process3
Current File keys for process5 => [83550242532527638904138483233262313637, 73806995735690189889297542544385123161, 83789482216496502817864659214345176161, 93727835460693461258854490021087346760]
==================================
2024-04-14 21:34:16 INFO  StabilizationProtocols:130 - Updating the successor for Node: process1
2024-04-14 21:34:16 INFO  StabilizationProtocols:84 - Stabilizing ring from process1...
2024-04-14 21:34:16 INFO  StabilizationProtocols:91 - Stabilize ring: succnode = process3
2024-04-14 21:34:16 INFO  StabilizationProtocols:113 - Finished stabilizing chordring from process1
2024-04-14 21:34:16 INFO  ChordProtocols:159 - Fixing the FingerTable for the Node: process1
2024-04-14 21:34:16 INFO  StabilizationProtocols:60 - Checking the predecessor for Node: process1
==================================
Node Identifier = 53937554629190552131995290006614509577
Node IP address = process1
successor(process1) = process3
predecessor(process1) = process2
Current File keys for process1 => [29249986233499374510233936914584139597, 22851974182570490653634187770374799407]
==================================
2024-04-14 21:34:16 INFO  StabilizationProtocols:130 - Updating the successor for Node: process2
2024-04-14 21:34:16 INFO  StabilizationProtocols:84 - Stabilizing ring from process2...
2024-04-14 21:34:16 INFO  StabilizationProtocols:91 - Stabilize ring: succnode = process1
2024-04-14 21:34:16 INFO  StabilizationProtocols:113 - Finished stabilizing chordring from process2
2024-04-14 21:34:16 INFO  ChordProtocols:159 - Fixing the FingerTable for the Node: process2
2024-04-14 21:34:16 INFO  StabilizationProtocols:60 - Checking the predecessor for Node: process2
==================================
Node Identifier = 15618062003214643351512781541041391612
Node IP address = process2
successor(process2) = process1
predecessor(process2) = process4
Current File keys for process2 => [13988058880685873568223126745537177142, 263856675938514540210526796966916740559, 240788495190661943955842370400050808545, 305513342937436802305366564249075562188, 8256520967608282605234844990226290265, 239639416547729385993578111985362970770, 214974501590503159329658682485012382526]
==================================
2024-04-14 21:34:17 INFO  StabilizationProtocols:130 - Updating the successor for Node: process3
2024-04-14 21:34:17 INFO  StabilizationProtocols:84 - Stabilizing ring from process3...
2024-04-14 21:34:17 INFO  StabilizationProtocols:91 - Stabilize ring: succnode = process5
2024-04-14 21:34:17 INFO  StabilizationProtocols:113 - Finished stabilizing chordring from process3
2024-04-14 21:34:17 INFO  ChordProtocols:159 - Fixing the FingerTable for the Node: process3
2024-04-14 21:34:17 INFO  StabilizationProtocols:60 - Checking the predecessor for Node: process3
==================================
Node Identifier = 66910184482037901621933403444034052414
Node IP address = process3
successor(process3) = process5
predecessor(process3) = process1
Current File keys for process3 => [66481538825926898419352978747807121875]
==================================
2024-04-14 21:34:17 INFO  StabilizationProtocols:130 - Updating the successor for Node: process4
2024-04-14 21:34:17 INFO  StabilizationProtocols:84 - Stabilizing ring from process4...
2024-04-14 21:34:17 INFO  StabilizationProtocols:91 - Stabilize ring: succnode = process2
2024-04-14 21:34:17 INFO  StabilizationProtocols:113 - Finished stabilizing chordring from process4
2024-04-14 21:34:17 INFO  ChordProtocols:159 - Fixing the FingerTable for the Node: process4
2024-04-14 21:34:17 INFO  StabilizationProtocols:60 - Checking the predecessor for Node: process4
==================================
Node Identifier = 210821560651360572675896360671414673172
Node IP address = process4
successor(process4) = process2
predecessor(process4) = process5
Current File keys for process4 => [179241403734895214076219526399432130488, 140065589670395970233963560630295105848, 127615430233524719490345743798572761786, 191558309544647931649133602766041063646, 136541484142652779330200457892076216958, 149037318589456997023767356092491379363]
==================================
2024-04-14 21:34:17 INFO  StabilizationProtocols:130 - Updating the successor for Node: process5
2024-04-14 21:34:17 INFO  StabilizationProtocols:84 - Stabilizing ring from process5...
2024-04-14 21:34:17 INFO  StabilizationProtocols:91 - Stabilize ring: succnode = process4
2024-04-14 21:34:17 INFO  StabilizationProtocols:113 - Finished stabilizing chordring from process5
2024-04-14 21:34:17 INFO  ChordProtocols:159 - Fixing the FingerTable for the Node: process5
2024-04-14 21:34:17 INFO  StabilizationProtocols:60 - Checking the predecessor for Node: process5
==================================
Node Identifier = 121411138451101288395601026024677976156
Node IP address = process5
successor(process5) = process4
predecessor(process5) = process3
Current File keys for process5 => [83550242532527638904138483233262313637, 73806995735690189889297542544385123161, 83789482216496502817864659214345176161, 93727835460693461258854490021087346760]
==================================
2024-04-14 21:34:18 INFO  StabilizationProtocols:130 - Updating the successor for Node: process1
2024-04-14 21:34:18 INFO  StabilizationProtocols:84 - Stabilizing ring from process1...
2024-04-14 21:34:18 INFO  StabilizationProtocols:91 - Stabilize ring: succnode = process3
2024-04-14 21:34:18 INFO  StabilizationProtocols:113 - Finished stabilizing chordring from process1
2024-04-14 21:34:18 INFO  ChordProtocols:159 - Fixing the FingerTable for the Node: process1
2024-04-14 21:34:18 INFO  StabilizationProtocols:60 - Checking the predecessor for Node: process1
==================================
Node Identifier = 53937554629190552131995290006614509577
Node IP address = process1
successor(process1) = process3
predecessor(process1) = process2
Current File keys for process1 => [29249986233499374510233936914584139597, 22851974182570490653634187770374799407]
==================================
2024-04-14 21:34:18 INFO  StabilizationProtocols:130 - Updating the successor for Node: process2
2024-04-14 21:34:18 INFO  StabilizationProtocols:84 - Stabilizing ring from process2...
2024-04-14 21:34:18 INFO  StabilizationProtocols:91 - Stabilize ring: succnode = process1
2024-04-14 21:34:18 INFO  StabilizationProtocols:113 - Finished stabilizing chordring from process2
2024-04-14 21:34:18 INFO  ChordProtocols:159 - Fixing the FingerTable for the Node: process2
2024-04-14 21:34:18 INFO  StabilizationProtocols:60 - Checking the predecessor for Node: process2
==================================
Node Identifier = 15618062003214643351512781541041391612
Node IP address = process2
successor(process2) = process1
predecessor(process2) = process4
Current File keys for process2 => [13988058880685873568223126745537177142, 263856675938514540210526796966916740559, 240788495190661943955842370400050808545, 305513342937436802305366564249075562188, 8256520967608282605234844990226290265, 239639416547729385993578111985362970770, 214974501590503159329658682485012382526]
==================================
2024-04-14 21:34:19 INFO  StabilizationProtocols:130 - Updating the successor for Node: process3
2024-04-14 21:34:19 INFO  StabilizationProtocols:84 - Stabilizing ring from process3...
2024-04-14 21:34:19 INFO  StabilizationProtocols:91 - Stabilize ring: succnode = process5
2024-04-14 21:34:19 INFO  StabilizationProtocols:113 - Finished stabilizing chordring from process3
2024-04-14 21:34:19 INFO  ChordProtocols:159 - Fixing the FingerTable for the Node: process3
2024-04-14 21:34:19 INFO  StabilizationProtocols:60 - Checking the predecessor for Node: process3
==================================
Node Identifier = 66910184482037901621933403444034052414
Node IP address = process3
successor(process3) = process5
predecessor(process3) = process1
Current File keys for process3 => [66481538825926898419352978747807121875]
==================================
2024-04-14 21:34:19 INFO  StabilizationProtocols:130 - Updating the successor for Node: process4
2024-04-14 21:34:19 INFO  StabilizationProtocols:84 - Stabilizing ring from process4...
2024-04-14 21:34:19 INFO  StabilizationProtocols:91 - Stabilize ring: succnode = process2
2024-04-14 21:34:19 INFO  StabilizationProtocols:113 - Finished stabilizing chordring from process4
2024-04-14 21:34:19 INFO  ChordProtocols:159 - Fixing the FingerTable for the Node: process4
2024-04-14 21:34:19 INFO  StabilizationProtocols:60 - Checking the predecessor for Node: process4
==================================
Node Identifier = 210821560651360572675896360671414673172
Node IP address = process4
successor(process4) = process2
predecessor(process4) = process5
Current File keys for process4 => [179241403734895214076219526399432130488, 140065589670395970233963560630295105848, 127615430233524719490345743798572761786, 191558309544647931649133602766041063646, 136541484142652779330200457892076216958, 149037318589456997023767356092491379363]
==================================
2024-04-14 21:34:19 INFO  StabilizationProtocols:130 - Updating the successor for Node: process5
2024-04-14 21:34:19 INFO  StabilizationProtocols:84 - Stabilizing ring from process5...
2024-04-14 21:34:19 INFO  StabilizationProtocols:91 - Stabilize ring: succnode = process4
2024-04-14 21:34:19 INFO  StabilizationProtocols:113 - Finished stabilizing chordring from process5
2024-04-14 21:34:19 INFO  ChordProtocols:159 - Fixing the FingerTable for the Node: process5
2024-04-14 21:34:19 INFO  StabilizationProtocols:60 - Checking the predecessor for Node: process5
==================================
Node Identifier = 121411138451101288395601026024677976156
Node IP address = process5
successor(process5) = process4
predecessor(process5) = process3
Current File keys for process5 => [83550242532527638904138483233262313637, 73806995735690189889297542544385123161, 83789482216496502817864659214345176161, 93727835460693461258854490021087346760]
==================================
]]></system-out>
  </testcase>
</testsuite>